ERROR - 2021-06-09 01:07:47 --> Error connecting to the database: No connection could be made because the target machine actively refused it
ERROR - 2021-06-09 01:07:49 --> Error connecting to the database: No connection could be made because the target machine actively refused it
ERROR - 2021-06-09 01:09:00 --> No database selected
ERROR - 2021-06-09 01:09:00 --> No database selected
ERROR - 2021-06-09 01:09:42 --> Error connecting to the database: Unknown database 'ci4'
ERROR - 2021-06-09 01:09:42 --> Error connecting to the database: Unknown database 'ci4'
ERROR - 2021-06-09 01:10:01 --> Error connecting to the database: Unknown database 'ci4'
ERROR - 2021-06-09 01:10:01 --> Error connecting to the database: Unknown database 'ci4'
ERROR - 2021-06-09 01:11:17 --> Error connecting to the database: Unknown database 'ci4'
ERROR - 2021-06-09 01:11:17 --> Error connecting to the database: Unknown database 'ci4'
ERROR - 2021-06-09 01:11:33 --> Error connecting to the database: Unknown database 'ci4'
ERROR - 2021-06-09 01:11:33 --> Error connecting to the database: Unknown database 'ci4'
ERROR - 2021-06-09 01:11:50 --> Error connecting to the database: Unknown database 'ci4'
ERROR - 2021-06-09 01:11:50 --> Error connecting to the database: Unknown database 'ci4'
ERROR - 2021-06-09 01:11:56 --> Error connecting to the database: Unknown database 'ci4'
ERROR - 2021-06-09 01:12:13 --> Error connecting to the database: Unknown database 'ci4'
ERROR - 2021-06-09 01:12:14 --> Error connecting to the database: Unknown database 'ci4'
ERROR - 2021-06-09 01:12:14 --> Error connecting to the database: Unknown database 'ci4'
ERROR - 2021-06-09 01:12:15 --> Error connecting to the database: Unknown database 'ci4'
ERROR - 2021-06-09 01:12:15 --> Error connecting to the database: Unknown database 'ci4'
ERROR - 2021-06-09 01:12:16 --> Error connecting to the database: Unknown database 'ci4'
ERROR - 2021-06-09 01:13:07 --> Error connecting to the database: Unknown database 'ci4'
ERROR - 2021-06-09 01:13:29 --> Error connecting to the database: Unknown database 'ci4'
ERROR - 2021-06-09 01:20:50 --> Error connecting to the database: Unknown database 'ci4'
ERROR - 2021-06-09 01:21:15 --> Error connecting to the database: Unknown database 'ci4'
ERROR - 2021-06-09 01:21:59 --> Error connecting to the database: Unknown database 'ci4'
ERROR - 2021-06-09 01:22:04 --> Error connecting to the database: Unknown database 'ci4'
ERROR - 2021-06-09 01:22:36 --> Error connecting to the database: Unknown database 'ci4'
ERROR - 2021-06-09 01:27:55 --> Error connecting to the database: Unknown database 'ci4'
ERROR - 2021-06-09 01:36:12 --> No database selected
ERROR - 2021-06-09 01:36:50 --> Error connecting to the database: Unknown database 'ci4'
ERROR - 2021-06-09 01:36:50 --> Error connecting to the database: Unknown database 'ci4'
ERROR - 2021-06-09 01:37:38 --> Error connecting to the database: Unknown database 'ci4'
ERROR - 2021-06-09 01:37:38 --> Error connecting to the database: Unknown database 'ci4'
ERROR - 2021-06-09 01:38:06 --> Error connecting to the database: Unknown database 'ci4'
ERROR - 2021-06-09 01:38:06 --> Error connecting to the database: Unknown database 'ci4'
CRITICAL - 2021-06-09 01:55:36 --> syntax error, unexpected token "}", expecting "," or ";"
#0 C:\Users\Ace\Desktop\krefa\vendor\codeigniter4\framework\system\Router\Router.php(169): CodeIgniter\Router\Router->autoRoute('preparation')
#1 C:\Users\Ace\Desktop\krefa\vendor\codeigniter4\framework\system\CodeIgniter.php(812): CodeIgniter\Router\Router->handle('preparation')
#2 C:\Users\Ace\Desktop\krefa\vendor\codeigniter4\framework\system\CodeIgniter.php(392): CodeIgniter\CodeIgniter->tryToRouteIt(Object(CodeIgniter\Router\RouteCollection))
#3 C:\Users\Ace\Desktop\krefa\vendor\codeigniter4\framework\system\CodeIgniter.php(339): CodeIgniter\CodeIgniter->handleRequest(NULL, Object(Config\Cache), false)
#4 C:\Users\Ace\Desktop\krefa\public\index.php(36): CodeIgniter\CodeIgniter->run()
#5 C:\Users\Ace\Desktop\krefa\vendor\codeigniter4\framework\system\Commands\Server\rewrite.php(45): require_once('C:\\Users\\Ace\\De...')
#6 {main}
CRITICAL - 2021-06-09 01:55:50 --> syntax error, unexpected token "}", expecting "," or ";"
#0 C:\Users\Ace\Desktop\krefa\vendor\codeigniter4\framework\system\Router\Router.php(169): CodeIgniter\Router\Router->autoRoute('preparation')
#1 C:\Users\Ace\Desktop\krefa\vendor\codeigniter4\framework\system\CodeIgniter.php(812): CodeIgniter\Router\Router->handle('preparation')
#2 C:\Users\Ace\Desktop\krefa\vendor\codeigniter4\framework\system\CodeIgniter.php(392): CodeIgniter\CodeIgniter->tryToRouteIt(Object(CodeIgniter\Router\RouteCollection))
#3 C:\Users\Ace\Desktop\krefa\vendor\codeigniter4\framework\system\CodeIgniter.php(339): CodeIgniter\CodeIgniter->handleRequest(NULL, Object(Config\Cache), false)
#4 C:\Users\Ace\Desktop\krefa\public\index.php(36): CodeIgniter\CodeIgniter->run()
#5 C:\Users\Ace\Desktop\krefa\vendor\codeigniter4\framework\system\Commands\Server\rewrite.php(45): require_once('C:\\Users\\Ace\\De...')
#6 {main}
CRITICAL - 2021-06-09 01:55:54 --> syntax error, unexpected token "}", expecting "," or ";"
#0 C:\Users\Ace\Desktop\krefa\vendor\codeigniter4\framework\system\Router\Router.php(169): CodeIgniter\Router\Router->autoRoute('preparation')
#1 C:\Users\Ace\Desktop\krefa\vendor\codeigniter4\framework\system\CodeIgniter.php(812): CodeIgniter\Router\Router->handle('preparation')
#2 C:\Users\Ace\Desktop\krefa\vendor\codeigniter4\framework\system\CodeIgniter.php(392): CodeIgniter\CodeIgniter->tryToRouteIt(Object(CodeIgniter\Router\RouteCollection))
#3 C:\Users\Ace\Desktop\krefa\vendor\codeigniter4\framework\system\CodeIgniter.php(339): CodeIgniter\CodeIgniter->handleRequest(NULL, Object(Config\Cache), false)
#4 C:\Users\Ace\Desktop\krefa\public\index.php(36): CodeIgniter\CodeIgniter->run()
#5 C:\Users\Ace\Desktop\krefa\vendor\codeigniter4\framework\system\Commands\Server\rewrite.php(45): require_once('C:\\Users\\Ace\\De...')
#6 {main}
ERROR - 2021-06-09 01:56:05 --> Can't create database 'ci4'; database exists
ERROR - 2021-06-09 01:56:45 --> Can't create database 'ci4'; database exists
ERROR - 2021-06-09 01:57:26 --> Can't create database 'ci4'; database exists
ERROR - 2021-06-09 01:57:47 --> Can't create database 'ci4'; database exists
CRITICAL - 2021-06-09 01:58:52 --> syntax error, unexpected token "echo", expecting "," or ";"
#0 C:\Users\Ace\Desktop\krefa\vendor\codeigniter4\framework\system\Router\Router.php(169): CodeIgniter\Router\Router->autoRoute('preparation')
#1 C:\Users\Ace\Desktop\krefa\vendor\codeigniter4\framework\system\CodeIgniter.php(812): CodeIgniter\Router\Router->handle('preparation')
#2 C:\Users\Ace\Desktop\krefa\vendor\codeigniter4\framework\system\CodeIgniter.php(392): CodeIgniter\CodeIgniter->tryToRouteIt(Object(CodeIgniter\Router\RouteCollection))
#3 C:\Users\Ace\Desktop\krefa\vendor\codeigniter4\framework\system\CodeIgniter.php(339): CodeIgniter\CodeIgniter->handleRequest(NULL, Object(Config\Cache), false)
#4 C:\Users\Ace\Desktop\krefa\public\index.php(36): CodeIgniter\CodeIgniter->run()
#5 C:\Users\Ace\Desktop\krefa\vendor\codeigniter4\framework\system\Commands\Server\rewrite.php(45): require_once('C:\\Users\\Ace\\De...')
#6 {main}
ERROR - 2021-06-09 01:59:01 --> Can't create database 'ci4'; database exists
ERROR - 2021-06-09 01:59:13 --> Can't create database 'ci4'; database exists
ERROR - 2021-06-09 02:00:26 --> Can't create database 'ci4'; database exists
ERROR - 2021-06-09 02:00:47 --> Can't create database 'ci4'; database exists
ERROR - 2021-06-09 02:01:34 --> Can't create database 'ci4'; database exists
ERROR - 2021-06-09 02:02:00 --> Can't create database 'ci4'; database exists
ERROR - 2021-06-09 02:03:07 --> Can't create database 'ci4'; database exists
ERROR - 2021-06-09 02:03:11 --> Can't create database 'ci4'; database exists
ERROR - 2021-06-09 02:03:34 --> Can't create database 'ci4'; database exists
ERROR - 2021-06-09 03:02:45 --> Can't create database 'ci4'; database exists
ERROR - 2021-06-09 03:02:48 --> Can't create database 'ci4'; database exists
ERROR - 2021-06-09 03:03:09 --> Can't create database 'ci4'; database exists
ERROR - 2021-06-09 03:04:24 --> Can't create database 'ci4'; database exists
CRITICAL - 2021-06-09 03:04:25 --> ErrorException: Undefined property: App\Controllers\Preparation::$db in C:\Users\Ace\Desktop\krefa\app\Controllers\Preparation.php:21
Stack trace:
#0 C:\Users\Ace\Desktop\krefa\app\Controllers\Preparation.php(21): CodeIgniter\Debug\Exceptions->errorHandler(2, 'Undefined prope...', 'C:\\Users\\Ace\\De...', 21)
#1 C:\Users\Ace\Desktop\krefa\vendor\codeigniter4\framework\system\CodeIgniter.php(931): App\Controllers\Preparation->index()
#2 C:\Users\Ace\Desktop\krefa\vendor\codeigniter4\framework\system\CodeIgniter.php(439): CodeIgniter\CodeIgniter->runController(Object(App\Controllers\Preparation))
#3 C:\Users\Ace\Desktop\krefa\vendor\codeigniter4\framework\system\CodeIgniter.php(339): CodeIgniter\CodeIgniter->handleRequest(NULL, Object(Config\Cache), false)
#4 C:\Users\Ace\Desktop\krefa\public\index.php(36): CodeIgniter\CodeIgniter->run()
#5 C:\Users\Ace\Desktop\krefa\vendor\codeigniter4\framework\system\Commands\Server\rewrite.php(45): require_once('C:\\Users\\Ace\\De...')
#6 {main}
#0 C:\Users\Ace\Desktop\krefa\vendor\codeigniter4\framework\system\CodeIgniter.php(931): App\Controllers\Preparation->index()
#1 C:\Users\Ace\Desktop\krefa\vendor\codeigniter4\framework\system\CodeIgniter.php(439): CodeIgniter\CodeIgniter->runController(Object(App\Controllers\Preparation))
#2 C:\Users\Ace\Desktop\krefa\vendor\codeigniter4\framework\system\CodeIgniter.php(339): CodeIgniter\CodeIgniter->handleRequest(NULL, Object(Config\Cache), false)
#3 C:\Users\Ace\Desktop\krefa\public\index.php(36): CodeIgniter\CodeIgniter->run()
#4 C:\Users\Ace\Desktop\krefa\vendor\codeigniter4\framework\system\Commands\Server\rewrite.php(45): require_once('C:\\Users\\Ace\\De...')
#5 {main}
ERROR - 2021-06-09 03:04:48 --> Can't create database 'ci4'; database exists
CRITICAL - 2021-06-09 03:04:50 --> ErrorException: Undefined property: App\Controllers\Preparation::$db in C:\Users\Ace\Desktop\krefa\app\Controllers\Preparation.php:21
Stack trace:
#0 C:\Users\Ace\Desktop\krefa\app\Controllers\Preparation.php(21): CodeIgniter\Debug\Exceptions->errorHandler(2, 'Undefined prope...', 'C:\\Users\\Ace\\De...', 21)
#1 C:\Users\Ace\Desktop\krefa\vendor\codeigniter4\framework\system\CodeIgniter.php(931): App\Controllers\Preparation->index()
#2 C:\Users\Ace\Desktop\krefa\vendor\codeigniter4\framework\system\CodeIgniter.php(439): CodeIgniter\CodeIgniter->runController(Object(App\Controllers\Preparation))
#3 C:\Users\Ace\Desktop\krefa\vendor\codeigniter4\framework\system\CodeIgniter.php(339): CodeIgniter\CodeIgniter->handleRequest(NULL, Object(Config\Cache), false)
#4 C:\Users\Ace\Desktop\krefa\public\index.php(36): CodeIgniter\CodeIgniter->run()
#5 C:\Users\Ace\Desktop\krefa\vendor\codeigniter4\framework\system\Commands\Server\rewrite.php(45): require_once('C:\\Users\\Ace\\De...')
#6 {main}
#0 C:\Users\Ace\Desktop\krefa\vendor\codeigniter4\framework\system\CodeIgniter.php(931): App\Controllers\Preparation->index()
#1 C:\Users\Ace\Desktop\krefa\vendor\codeigniter4\framework\system\CodeIgniter.php(439): CodeIgniter\CodeIgniter->runController(Object(App\Controllers\Preparation))
#2 C:\Users\Ace\Desktop\krefa\vendor\codeigniter4\framework\system\CodeIgniter.php(339): CodeIgniter\CodeIgniter->handleRequest(NULL, Object(Config\Cache), false)
#3 C:\Users\Ace\Desktop\krefa\public\index.php(36): CodeIgniter\CodeIgniter->run()
#4 C:\Users\Ace\Desktop\krefa\vendor\codeigniter4\framework\system\Commands\Server\rewrite.php(45): require_once('C:\\Users\\Ace\\De...')
#5 {main}
ERROR - 2021-06-09 03:05:30 --> Can't create database 'ci4'; database exists
CRITICAL - 2021-06-09 03:05:32 --> Exception::__construct(): Argument #2 ($code) must be of type int, string given
#0 C:\Users\Ace\Desktop\krefa\app\Controllers\Preparation.php(30): Exception->__construct('ErrorException:...', 'ERROR GAN!!!')
#1 C:\Users\Ace\Desktop\krefa\vendor\codeigniter4\framework\system\CodeIgniter.php(931): App\Controllers\Preparation->index()
#2 C:\Users\Ace\Desktop\krefa\vendor\codeigniter4\framework\system\CodeIgniter.php(439): CodeIgniter\CodeIgniter->runController(Object(App\Controllers\Preparation))
#3 C:\Users\Ace\Desktop\krefa\vendor\codeigniter4\framework\system\CodeIgniter.php(339): CodeIgniter\CodeIgniter->handleRequest(NULL, Object(Config\Cache), false)
#4 C:\Users\Ace\Desktop\krefa\public\index.php(36): CodeIgniter\CodeIgniter->run()
#5 C:\Users\Ace\Desktop\krefa\vendor\codeigniter4\framework\system\Commands\Server\rewrite.php(45): require_once('C:\\Users\\Ace\\De...')
#6 {main}
ERROR - 2021-06-09 03:05:47 --> Can't create database 'ci4'; database exists
CRITICAL - 2021-06-09 03:05:49 --> ErrorException: Undefined property: App\Controllers\Preparation::$db in C:\Users\Ace\Desktop\krefa\app\Controllers\Preparation.php:21
Stack trace:
#0 C:\Users\Ace\Desktop\krefa\app\Controllers\Preparation.php(21): CodeIgniter\Debug\Exceptions->errorHandler(2, 'Undefined prope...', 'C:\\Users\\Ace\\De...', 21)
#1 C:\Users\Ace\Desktop\krefa\vendor\codeigniter4\framework\system\CodeIgniter.php(931): App\Controllers\Preparation->index()
#2 C:\Users\Ace\Desktop\krefa\vendor\codeigniter4\framework\system\CodeIgniter.php(439): CodeIgniter\CodeIgniter->runController(Object(App\Controllers\Preparation))
#3 C:\Users\Ace\Desktop\krefa\vendor\codeigniter4\framework\system\CodeIgniter.php(339): CodeIgniter\CodeIgniter->handleRequest(NULL, Object(Config\Cache), false)
#4 C:\Users\Ace\Desktop\krefa\public\index.php(36): CodeIgniter\CodeIgniter->run()
#5 C:\Users\Ace\Desktop\krefa\vendor\codeigniter4\framework\system\Commands\Server\rewrite.php(45): require_once('C:\\Users\\Ace\\De...')
#6 {main}
#0 C:\Users\Ace\Desktop\krefa\vendor\codeigniter4\framework\system\CodeIgniter.php(931): App\Controllers\Preparation->index()
#1 C:\Users\Ace\Desktop\krefa\vendor\codeigniter4\framework\system\CodeIgniter.php(439): CodeIgniter\CodeIgniter->runController(Object(App\Controllers\Preparation))
#2 C:\Users\Ace\Desktop\krefa\vendor\codeigniter4\framework\system\CodeIgniter.php(339): CodeIgniter\CodeIgniter->handleRequest(NULL, Object(Config\Cache), false)
#3 C:\Users\Ace\Desktop\krefa\public\index.php(36): CodeIgniter\CodeIgniter->run()
#4 C:\Users\Ace\Desktop\krefa\vendor\codeigniter4\framework\system\Commands\Server\rewrite.php(45): require_once('C:\\Users\\Ace\\De...')
#5 {main}
ERROR - 2021-06-09 03:08:07 --> Can't create database 'ci4'; database exists
CRITICAL - 2021-06-09 03:08:09 --> ErrorException: Undefined property: App\Controllers\Preparation::$db in C:\Users\Ace\Desktop\krefa\app\Controllers\Preparation.php:21
Stack trace:
#0 C:\Users\Ace\Desktop\krefa\app\Controllers\Preparation.php(21): CodeIgniter\Debug\Exceptions->errorHandler(2, 'Undefined prope...', 'C:\\Users\\Ace\\De...', 21)
#1 C:\Users\Ace\Desktop\krefa\vendor\codeigniter4\framework\system\CodeIgniter.php(931): App\Controllers\Preparation->index()
#2 C:\Users\Ace\Desktop\krefa\vendor\codeigniter4\framework\system\CodeIgniter.php(439): CodeIgniter\CodeIgniter->runController(Object(App\Controllers\Preparation))
#3 C:\Users\Ace\Desktop\krefa\vendor\codeigniter4\framework\system\CodeIgniter.php(339): CodeIgniter\CodeIgniter->handleRequest(NULL, Object(Config\Cache), false)
#4 C:\Users\Ace\Desktop\krefa\public\index.php(36): CodeIgniter\CodeIgniter->run()
#5 C:\Users\Ace\Desktop\krefa\vendor\codeigniter4\framework\system\Commands\Server\rewrite.php(45): require_once('C:\\Users\\Ace\\De...')
#6 {main}
#0 C:\Users\Ace\Desktop\krefa\vendor\codeigniter4\framework\system\CodeIgniter.php(931): App\Controllers\Preparation->index()
#1 C:\Users\Ace\Desktop\krefa\vendor\codeigniter4\framework\system\CodeIgniter.php(439): CodeIgniter\CodeIgniter->runController(Object(App\Controllers\Preparation))
#2 C:\Users\Ace\Desktop\krefa\vendor\codeigniter4\framework\system\CodeIgniter.php(339): CodeIgniter\CodeIgniter->handleRequest(NULL, Object(Config\Cache), false)
#3 C:\Users\Ace\Desktop\krefa\public\index.php(36): CodeIgniter\CodeIgniter->run()
#4 C:\Users\Ace\Desktop\krefa\vendor\codeigniter4\framework\system\Commands\Server\rewrite.php(45): require_once('C:\\Users\\Ace\\De...')
#5 {main}
ERROR - 2021-06-09 07:55:56 --> Can't create database 'ci4'; database exists
ERROR - 2021-06-09 07:56:10 --> Can't create database 'ci4'; database exists
CRITICAL - 2021-06-09 22:50:22 --> Undefined property: App\Controllers\EventsPresenter::$forge
#0 C:\Users\Ace\Desktop\krefa\app\Controllers\EventsPresenter.php(14): CodeIgniter\Debug\Exceptions->errorHandler(2, 'Undefined prope...', 'C:\\Users\\Ace\\De...', 14)
#1 C:\Users\Ace\Desktop\krefa\vendor\codeigniter4\framework\system\CodeIgniter.php(931): App\Controllers\EventsPresenter->index()
#2 C:\Users\Ace\Desktop\krefa\vendor\codeigniter4\framework\system\CodeIgniter.php(439): CodeIgniter\CodeIgniter->runController(Object(App\Controllers\EventsPresenter))
#3 C:\Users\Ace\Desktop\krefa\vendor\codeigniter4\framework\system\CodeIgniter.php(339): CodeIgniter\CodeIgniter->handleRequest(NULL, Object(Config\Cache), false)
#4 C:\Users\Ace\Desktop\krefa\public\index.php(36): CodeIgniter\CodeIgniter->run()
#5 C:\Users\Ace\Desktop\krefa\vendor\codeigniter4\framework\system\Commands\Server\rewrite.php(45): require_once('C:\\Users\\Ace\\De...')
#6 {main}
ERROR - 2021-06-09 23:06:41 --> Error connecting to the database: No connection could be made because the target machine actively refused it
CRITICAL - 2021-06-09 23:06:41 --> Unable to connect to the database.
Main connection [MySQLi]: No connection could be made because the target machine actively refused it
#0 C:\Users\Ace\Desktop\krefa\vendor\codeigniter4\framework\system\Database\BaseConnection.php(625): CodeIgniter\Database\BaseConnection->initialize()
#1 C:\Users\Ace\Desktop\krefa\vendor\codeigniter4\framework\system\Database\BaseBuilder.php(2277): CodeIgniter\Database\BaseConnection->query('INSERT INTO `ev...', Array, false)
#2 C:\Users\Ace\Desktop\krefa\vendor\codeigniter4\framework\system\Model.php(259): CodeIgniter\Database\BaseBuilder->insert()
#3 C:\Users\Ace\Desktop\krefa\vendor\codeigniter4\framework\system\BaseModel.php(774): CodeIgniter\Model->doInsert(Array)
#4 C:\Users\Ace\Desktop\krefa\vendor\codeigniter4\framework\system\Model.php(686): CodeIgniter\BaseModel->insert(Array, true)
#5 C:\Users\Ace\Desktop\krefa\app\Controllers\EventsApi.php(41): CodeIgniter\Model->insert(Array)
#6 C:\Users\Ace\Desktop\krefa\vendor\codeigniter4\framework\system\CodeIgniter.php(931): App\Controllers\EventsApi->create()
#7 C:\Users\Ace\Desktop\krefa\vendor\codeigniter4\framework\system\CodeIgniter.php(439): CodeIgniter\CodeIgniter->runController(Object(App\Controllers\EventsApi))
#8 C:\Users\Ace\Desktop\krefa\vendor\codeigniter4\framework\system\CodeIgniter.php(339): CodeIgniter\CodeIgniter->handleRequest(NULL, Object(Config\Cache), false)
#9 C:\Users\Ace\Desktop\krefa\public\index.php(36): CodeIgniter\CodeIgniter->run()
#10 C:\Users\Ace\Desktop\krefa\vendor\codeigniter4\framework\system\Commands\Server\rewrite.php(45): require_once('C:\\Users\\Ace\\De...')
#11 {main}
