ERROR - 2021-06-10 09:13:47 --> Error connecting to the database: No connection could be made because the target machine actively refused it
CRITICAL - 2021-06-10 09:13:47 --> Unable to connect to the database.
Main connection [MySQLi]: No connection could be made because the target machine actively refused it
#0 C:\Users\Ace\Desktop\krefa\vendor\codeigniter4\framework\system\Database\BaseConnection.php(625): CodeIgniter\Database\BaseConnection->initialize()
#1 C:\Users\Ace\Desktop\krefa\vendor\codeigniter4\framework\system\Database\BaseBuilder.php(1881): CodeIgniter\Database\BaseConnection->query('SELECT *\nFROM `...', Array, false)
#2 C:\Users\Ace\Desktop\krefa\vendor\codeigniter4\framework\system\Model.php(197): CodeIgniter\Database\BaseBuilder->get()
#3 C:\Users\Ace\Desktop\krefa\vendor\codeigniter4\framework\system\BaseModel.php(603): CodeIgniter\Model->doFindAll(0, 0)
#4 C:\Users\Ace\Desktop\krefa\app\Controllers\EventsApi.php(19): CodeIgniter\BaseModel->findAll()
#5 C:\Users\Ace\Desktop\krefa\vendor\codeigniter4\framework\system\CodeIgniter.php(931): App\Controllers\EventsApi->index()
#6 C:\Users\Ace\Desktop\krefa\vendor\codeigniter4\framework\system\CodeIgniter.php(439): CodeIgniter\CodeIgniter->runController(Object(App\Controllers\EventsApi))
#7 C:\Users\Ace\Desktop\krefa\vendor\codeigniter4\framework\system\CodeIgniter.php(339): CodeIgniter\CodeIgniter->handleRequest(NULL, Object(Config\Cache), false)
#8 C:\Users\Ace\Desktop\krefa\public\index.php(36): CodeIgniter\CodeIgniter->run()
#9 C:\Users\Ace\Desktop\krefa\vendor\codeigniter4\framework\system\Commands\Server\rewrite.php(45): require_once('C:\\Users\\Ace\\De...')
#10 {main}
CRITICAL - 2021-06-10 09:13:50 --> The use statement with non-compound name 'Image' has no effect
#0 C:\Users\Ace\Desktop\krefa\vendor\codeigniter4\framework\system\View\View.php(230): CodeIgniter\Debug\Exceptions->errorHandler(2, 'The use stateme...', 'C:\\Users\\Ace\\De...', 6)
#1 C:\Users\Ace\Desktop\krefa\vendor\codeigniter4\framework\system\View\View.php(230): include()
#2 C:\Users\Ace\Desktop\krefa\vendor\codeigniter4\framework\system\View\View.php(232): CodeIgniter\View\View->CodeIgniter\View\{closure}()
#3 C:\Users\Ace\Desktop\krefa\vendor\codeigniter4\framework\system\Common.php(1250): CodeIgniter\View\View->render('demo', Array, true)
#4 C:\Users\Ace\Desktop\krefa\app\Controllers\Home.php(9): view('demo')
#5 C:\Users\Ace\Desktop\krefa\vendor\codeigniter4\framework\system\CodeIgniter.php(931): App\Controllers\Home->index()
#6 C:\Users\Ace\Desktop\krefa\vendor\codeigniter4\framework\system\CodeIgniter.php(439): CodeIgniter\CodeIgniter->runController(Object(App\Controllers\Home))
#7 C:\Users\Ace\Desktop\krefa\vendor\codeigniter4\framework\system\CodeIgniter.php(339): CodeIgniter\CodeIgniter->handleRequest(NULL, Object(Config\Cache), false)
#8 C:\Users\Ace\Desktop\krefa\public\index.php(36): CodeIgniter\CodeIgniter->run()
#9 C:\Users\Ace\Desktop\krefa\vendor\codeigniter4\framework\system\Commands\Server\rewrite.php(45): require_once('C:\\Users\\Ace\\De...')
#10 {main}
CRITICAL - 2021-06-10 09:14:26 --> require(autoload.php): Failed to open stream: No such file or directory
#0 C:\Users\Ace\Desktop\krefa\app\Views\demo.php(3): CodeIgniter\Debug\Exceptions->errorHandler(2, 'require(autoloa...', 'C:\\Users\\Ace\\De...', 3)
#1 C:\Users\Ace\Desktop\krefa\app\Views\demo.php(3): require()
#2 C:\Users\Ace\Desktop\krefa\vendor\codeigniter4\framework\system\View\View.php(230): include('C:\\Users\\Ace\\De...')
#3 C:\Users\Ace\Desktop\krefa\vendor\codeigniter4\framework\system\View\View.php(232): CodeIgniter\View\View->CodeIgniter\View\{closure}()
#4 C:\Users\Ace\Desktop\krefa\vendor\codeigniter4\framework\system\Common.php(1250): CodeIgniter\View\View->render('demo', Array, true)
#5 C:\Users\Ace\Desktop\krefa\app\Controllers\Home.php(9): view('demo')
#6 C:\Users\Ace\Desktop\krefa\vendor\codeigniter4\framework\system\CodeIgniter.php(931): App\Controllers\Home->index()
#7 C:\Users\Ace\Desktop\krefa\vendor\codeigniter4\framework\system\CodeIgniter.php(439): CodeIgniter\CodeIgniter->runController(Object(App\Controllers\Home))
#8 C:\Users\Ace\Desktop\krefa\vendor\codeigniter4\framework\system\CodeIgniter.php(339): CodeIgniter\CodeIgniter->handleRequest(NULL, Object(Config\Cache), false)
#9 C:\Users\Ace\Desktop\krefa\public\index.php(36): CodeIgniter\CodeIgniter->run()
#10 C:\Users\Ace\Desktop\krefa\vendor\codeigniter4\framework\system\Commands\Server\rewrite.php(45): require_once('C:\\Users\\Ace\\De...')
#11 {main}
CRITICAL - 2021-06-10 09:14:49 --> require(\autoload.php): Failed to open stream: No such file or directory
#0 C:\Users\Ace\Desktop\krefa\app\Views\demo.php(3): CodeIgniter\Debug\Exceptions->errorHandler(2, 'require(\\autolo...', 'C:\\Users\\Ace\\De...', 3)
#1 C:\Users\Ace\Desktop\krefa\app\Views\demo.php(3): require()
#2 C:\Users\Ace\Desktop\krefa\vendor\codeigniter4\framework\system\View\View.php(230): include('C:\\Users\\Ace\\De...')
#3 C:\Users\Ace\Desktop\krefa\vendor\codeigniter4\framework\system\View\View.php(232): CodeIgniter\View\View->CodeIgniter\View\{closure}()
#4 C:\Users\Ace\Desktop\krefa\vendor\codeigniter4\framework\system\Common.php(1250): CodeIgniter\View\View->render('demo', Array, true)
#5 C:\Users\Ace\Desktop\krefa\app\Controllers\Home.php(9): view('demo')
#6 C:\Users\Ace\Desktop\krefa\vendor\codeigniter4\framework\system\CodeIgniter.php(931): App\Controllers\Home->index()
#7 C:\Users\Ace\Desktop\krefa\vendor\codeigniter4\framework\system\CodeIgniter.php(439): CodeIgniter\CodeIgniter->runController(Object(App\Controllers\Home))
#8 C:\Users\Ace\Desktop\krefa\vendor\codeigniter4\framework\system\CodeIgniter.php(339): CodeIgniter\CodeIgniter->handleRequest(NULL, Object(Config\Cache), false)
#9 C:\Users\Ace\Desktop\krefa\public\index.php(36): CodeIgniter\CodeIgniter->run()
#10 C:\Users\Ace\Desktop\krefa\vendor\codeigniter4\framework\system\Commands\Server\rewrite.php(45): require_once('C:\\Users\\Ace\\De...')
#11 {main}
CRITICAL - 2021-06-10 09:15:43 --> require(autoload.php): Failed to open stream: No such file or directory
#0 C:\Users\Ace\Desktop\krefa\app\Views\demo.php(3): CodeIgniter\Debug\Exceptions->errorHandler(2, 'require(autoloa...', 'C:\\Users\\Ace\\De...', 3)
#1 C:\Users\Ace\Desktop\krefa\app\Views\demo.php(3): require()
#2 C:\Users\Ace\Desktop\krefa\vendor\codeigniter4\framework\system\View\View.php(230): include('C:\\Users\\Ace\\De...')
#3 C:\Users\Ace\Desktop\krefa\vendor\codeigniter4\framework\system\View\View.php(232): CodeIgniter\View\View->CodeIgniter\View\{closure}()
#4 C:\Users\Ace\Desktop\krefa\vendor\codeigniter4\framework\system\Common.php(1250): CodeIgniter\View\View->render('demo', Array, true)
#5 C:\Users\Ace\Desktop\krefa\app\Controllers\Home.php(9): view('demo')
#6 C:\Users\Ace\Desktop\krefa\vendor\codeigniter4\framework\system\CodeIgniter.php(931): App\Controllers\Home->index()
#7 C:\Users\Ace\Desktop\krefa\vendor\codeigniter4\framework\system\CodeIgniter.php(439): CodeIgniter\CodeIgniter->runController(Object(App\Controllers\Home))
#8 C:\Users\Ace\Desktop\krefa\vendor\codeigniter4\framework\system\CodeIgniter.php(339): CodeIgniter\CodeIgniter->handleRequest(NULL, Object(Config\Cache), false)
#9 C:\Users\Ace\Desktop\krefa\public\index.php(36): CodeIgniter\CodeIgniter->run()
#10 C:\Users\Ace\Desktop\krefa\vendor\codeigniter4\framework\system\Commands\Server\rewrite.php(45): require_once('C:\\Users\\Ace\\De...')
#11 {main}
CRITICAL - 2021-06-10 09:15:47 --> require(autoload.php): Failed to open stream: No such file or directory
#0 C:\Users\Ace\Desktop\krefa\app\Views\demo.php(3): CodeIgniter\Debug\Exceptions->errorHandler(2, 'require(autoloa...', 'C:\\Users\\Ace\\De...', 3)
#1 C:\Users\Ace\Desktop\krefa\app\Views\demo.php(3): require()
#2 C:\Users\Ace\Desktop\krefa\vendor\codeigniter4\framework\system\View\View.php(230): include('C:\\Users\\Ace\\De...')
#3 C:\Users\Ace\Desktop\krefa\vendor\codeigniter4\framework\system\View\View.php(232): CodeIgniter\View\View->CodeIgniter\View\{closure}()
#4 C:\Users\Ace\Desktop\krefa\vendor\codeigniter4\framework\system\Common.php(1250): CodeIgniter\View\View->render('demo', Array, true)
#5 C:\Users\Ace\Desktop\krefa\app\Controllers\Home.php(9): view('demo')
#6 C:\Users\Ace\Desktop\krefa\vendor\codeigniter4\framework\system\CodeIgniter.php(931): App\Controllers\Home->index()
#7 C:\Users\Ace\Desktop\krefa\vendor\codeigniter4\framework\system\CodeIgniter.php(439): CodeIgniter\CodeIgniter->runController(Object(App\Controllers\Home))
#8 C:\Users\Ace\Desktop\krefa\vendor\codeigniter4\framework\system\CodeIgniter.php(339): CodeIgniter\CodeIgniter->handleRequest(NULL, Object(Config\Cache), false)
#9 C:\Users\Ace\Desktop\krefa\public\index.php(36): CodeIgniter\CodeIgniter->run()
#10 C:\Users\Ace\Desktop\krefa\vendor\codeigniter4\framework\system\Commands\Server\rewrite.php(45): require_once('C:\\Users\\Ace\\De...')
#11 {main}
ERROR - 2021-06-10 09:24:15 --> Error connecting to the database: No connection could be made because the target machine actively refused it
CRITICAL - 2021-06-10 09:24:15 --> Unable to connect to the database.
Main connection [MySQLi]: No connection could be made because the target machine actively refused it
#0 C:\Users\Ace\Desktop\krefa\vendor\codeigniter4\framework\system\Database\BaseConnection.php(625): CodeIgniter\Database\BaseConnection->initialize()
#1 C:\Users\Ace\Desktop\krefa\vendor\codeigniter4\framework\system\Database\BaseBuilder.php(1881): CodeIgniter\Database\BaseConnection->query('SELECT *\nFROM `...', Array, false)
#2 C:\Users\Ace\Desktop\krefa\vendor\codeigniter4\framework\system\Model.php(197): CodeIgniter\Database\BaseBuilder->get()
#3 C:\Users\Ace\Desktop\krefa\vendor\codeigniter4\framework\system\BaseModel.php(603): CodeIgniter\Model->doFindAll(0, 0)
#4 C:\Users\Ace\Desktop\krefa\app\Controllers\EventsApi.php(19): CodeIgniter\BaseModel->findAll()
#5 C:\Users\Ace\Desktop\krefa\vendor\codeigniter4\framework\system\CodeIgniter.php(931): App\Controllers\EventsApi->index()
#6 C:\Users\Ace\Desktop\krefa\vendor\codeigniter4\framework\system\CodeIgniter.php(439): CodeIgniter\CodeIgniter->runController(Object(App\Controllers\EventsApi))
#7 C:\Users\Ace\Desktop\krefa\vendor\codeigniter4\framework\system\CodeIgniter.php(339): CodeIgniter\CodeIgniter->handleRequest(NULL, Object(Config\Cache), false)
#8 C:\Users\Ace\Desktop\krefa\public\index.php(36): CodeIgniter\CodeIgniter->run()
#9 C:\Users\Ace\Desktop\krefa\vendor\codeigniter4\framework\system\Commands\Server\rewrite.php(45): require_once('C:\\Users\\Ace\\De...')
#10 {main}
CRITICAL - 2021-06-10 09:24:16 --> syntax error, unexpected token "-", expecting "," or ";"
#0 C:\Users\Ace\Desktop\krefa\vendor\codeigniter4\framework\system\View\View.php(232): CodeIgniter\View\View->CodeIgniter\View\{closure}()
#1 C:\Users\Ace\Desktop\krefa\vendor\codeigniter4\framework\system\Common.php(1250): CodeIgniter\View\View->render('demo', Array, true)
#2 C:\Users\Ace\Desktop\krefa\app\Controllers\Home.php(9): view('demo')
#3 C:\Users\Ace\Desktop\krefa\vendor\codeigniter4\framework\system\CodeIgniter.php(931): App\Controllers\Home->index()
#4 C:\Users\Ace\Desktop\krefa\vendor\codeigniter4\framework\system\CodeIgniter.php(439): CodeIgniter\CodeIgniter->runController(Object(App\Controllers\Home))
#5 C:\Users\Ace\Desktop\krefa\vendor\codeigniter4\framework\system\CodeIgniter.php(339): CodeIgniter\CodeIgniter->handleRequest(NULL, Object(Config\Cache), false)
#6 C:\Users\Ace\Desktop\krefa\public\index.php(36): CodeIgniter\CodeIgniter->run()
#7 C:\Users\Ace\Desktop\krefa\vendor\codeigniter4\framework\system\Commands\Server\rewrite.php(45): require_once('C:\\Users\\Ace\\De...')
#8 {main}
CRITICAL - 2021-06-10 09:24:59 --> Class "App\Views\Image" not found
#0 C:\Users\Ace\Desktop\krefa\vendor\codeigniter4\framework\system\View\View.php(230): include()
#1 C:\Users\Ace\Desktop\krefa\vendor\codeigniter4\framework\system\View\View.php(232): CodeIgniter\View\View->CodeIgniter\View\{closure}()
#2 C:\Users\Ace\Desktop\krefa\vendor\codeigniter4\framework\system\Common.php(1250): CodeIgniter\View\View->render('demo', Array, true)
#3 C:\Users\Ace\Desktop\krefa\app\Controllers\Home.php(9): view('demo')
#4 C:\Users\Ace\Desktop\krefa\vendor\codeigniter4\framework\system\CodeIgniter.php(931): App\Controllers\Home->index()
#5 C:\Users\Ace\Desktop\krefa\vendor\codeigniter4\framework\system\CodeIgniter.php(439): CodeIgniter\CodeIgniter->runController(Object(App\Controllers\Home))
#6 C:\Users\Ace\Desktop\krefa\vendor\codeigniter4\framework\system\CodeIgniter.php(339): CodeIgniter\CodeIgniter->handleRequest(NULL, Object(Config\Cache), false)
#7 C:\Users\Ace\Desktop\krefa\public\index.php(36): CodeIgniter\CodeIgniter->run()
#8 C:\Users\Ace\Desktop\krefa\vendor\codeigniter4\framework\system\Commands\Server\rewrite.php(45): require_once('C:\\Users\\Ace\\De...')
#9 {main}
CRITICAL - 2021-06-10 09:28:36 --> Class "image" not found
#0 C:\Users\Ace\Desktop\krefa\vendor\codeigniter4\framework\system\View\View.php(230): include()
#1 C:\Users\Ace\Desktop\krefa\vendor\codeigniter4\framework\system\View\View.php(232): CodeIgniter\View\View->CodeIgniter\View\{closure}()
#2 C:\Users\Ace\Desktop\krefa\vendor\codeigniter4\framework\system\Common.php(1250): CodeIgniter\View\View->render('demo', Array, true)
#3 C:\Users\Ace\Desktop\krefa\app\Controllers\Home.php(9): view('demo')
#4 C:\Users\Ace\Desktop\krefa\vendor\codeigniter4\framework\system\CodeIgniter.php(931): App\Controllers\Home->index()
#5 C:\Users\Ace\Desktop\krefa\vendor\codeigniter4\framework\system\CodeIgniter.php(439): CodeIgniter\CodeIgniter->runController(Object(App\Controllers\Home))
#6 C:\Users\Ace\Desktop\krefa\vendor\codeigniter4\framework\system\CodeIgniter.php(339): CodeIgniter\CodeIgniter->handleRequest(NULL, Object(Config\Cache), false)
#7 C:\Users\Ace\Desktop\krefa\public\index.php(36): CodeIgniter\CodeIgniter->run()
#8 C:\Users\Ace\Desktop\krefa\vendor\codeigniter4\framework\system\Commands\Server\rewrite.php(45): require_once('C:\\Users\\Ace\\De...')
#9 {main}
CRITICAL - 2021-06-10 09:29:52 --> Call to undefined function imagecreatefromstring()
#0 C:\Users\Ace\Desktop\krefa\app\Views\demo.php(7): Image::fromFile('demo_inputs/mas...')
#1 C:\Users\Ace\Desktop\krefa\vendor\codeigniter4\framework\system\View\View.php(230): include('C:\\Users\\Ace\\De...')
#2 C:\Users\Ace\Desktop\krefa\vendor\codeigniter4\framework\system\View\View.php(232): CodeIgniter\View\View->CodeIgniter\View\{closure}()
#3 C:\Users\Ace\Desktop\krefa\vendor\codeigniter4\framework\system\Common.php(1250): CodeIgniter\View\View->render('demo', Array, true)
#4 C:\Users\Ace\Desktop\krefa\app\Controllers\Home.php(9): view('demo')
#5 C:\Users\Ace\Desktop\krefa\vendor\codeigniter4\framework\system\CodeIgniter.php(931): App\Controllers\Home->index()
#6 C:\Users\Ace\Desktop\krefa\vendor\codeigniter4\framework\system\CodeIgniter.php(439): CodeIgniter\CodeIgniter->runController(Object(App\Controllers\Home))
#7 C:\Users\Ace\Desktop\krefa\vendor\codeigniter4\framework\system\CodeIgniter.php(339): CodeIgniter\CodeIgniter->handleRequest(NULL, Object(Config\Cache), false)
#8 C:\Users\Ace\Desktop\krefa\public\index.php(36): CodeIgniter\CodeIgniter->run()
#9 C:\Users\Ace\Desktop\krefa\vendor\codeigniter4\framework\system\Commands\Server\rewrite.php(45): require_once('C:\\Users\\Ace\\De...')
#10 {main}
CRITICAL - 2021-06-10 09:35:21 --> Call to undefined function imagecreatefromstring()
#0 C:\Users\Ace\Desktop\krefa\app\Views\demo.php(7): Image::fromFile('../../vendor/in...')
#1 C:\Users\Ace\Desktop\krefa\vendor\codeigniter4\framework\system\View\View.php(230): include('C:\\Users\\Ace\\De...')
#2 C:\Users\Ace\Desktop\krefa\vendor\codeigniter4\framework\system\View\View.php(232): CodeIgniter\View\View->CodeIgniter\View\{closure}()
#3 C:\Users\Ace\Desktop\krefa\vendor\codeigniter4\framework\system\Common.php(1250): CodeIgniter\View\View->render('demo', Array, true)
#4 C:\Users\Ace\Desktop\krefa\app\Controllers\Home.php(9): view('demo')
#5 C:\Users\Ace\Desktop\krefa\vendor\codeigniter4\framework\system\CodeIgniter.php(931): App\Controllers\Home->index()
#6 C:\Users\Ace\Desktop\krefa\vendor\codeigniter4\framework\system\CodeIgniter.php(439): CodeIgniter\CodeIgniter->runController(Object(App\Controllers\Home))
#7 C:\Users\Ace\Desktop\krefa\vendor\codeigniter4\framework\system\CodeIgniter.php(339): CodeIgniter\CodeIgniter->handleRequest(NULL, Object(Config\Cache), false)
#8 C:\Users\Ace\Desktop\krefa\public\index.php(36): CodeIgniter\CodeIgniter->run()
#9 C:\Users\Ace\Desktop\krefa\vendor\codeigniter4\framework\system\Commands\Server\rewrite.php(45): require_once('C:\\Users\\Ace\\De...')
#10 {main}
