CRITICAL - 2021-06-05 01:08:40 --> Invalid file: index.php
#0 /storage/CA60-3068/Android/data/com.termux/files/krefa/vendor/codeigniter4/framework/system/View/View.php(213): CodeIgniter\Exceptions\FrameworkException::forInvalidFile('index.php')
#1 /storage/CA60-3068/Android/data/com.termux/files/krefa/vendor/codeigniter4/framework/system/Common.php(1250): CodeIgniter\View\View->render('index', Array, true)
#2 /storage/CA60-3068/Android/data/com.termux/files/krefa/app/Controllers/Events.php(9): view('index')
#3 /storage/CA60-3068/Android/data/com.termux/files/krefa/vendor/codeigniter4/framework/system/CodeIgniter.php(931): App\Controllers\Events->index()
#4 /storage/CA60-3068/Android/data/com.termux/files/krefa/vendor/codeigniter4/framework/system/CodeIgniter.php(439): CodeIgniter\CodeIgniter->runController(Object(App\Controllers\Events))
#5 /storage/CA60-3068/Android/data/com.termux/files/krefa/vendor/codeigniter4/framework/system/CodeIgniter.php(339): CodeIgniter\CodeIgniter->handleRequest(NULL, Object(Config\Cache), false)
#6 /storage/CA60-3068/Android/data/com.termux/files/krefa/public/index.php(36): CodeIgniter\CodeIgniter->run()
#7 /storage/CA60-3068/Android/data/com.termux/files/krefa/vendor/codeigniter4/framework/system/Commands/Server/rewrite.php(45): require_once('/storage/CA60-3...')
#8 {main}
CRITICAL - 2021-06-05 01:08:50 --> Invalid file: index.php
#0 /storage/CA60-3068/Android/data/com.termux/files/krefa/vendor/codeigniter4/framework/system/View/View.php(213): CodeIgniter\Exceptions\FrameworkException::forInvalidFile('index.php')
#1 /storage/CA60-3068/Android/data/com.termux/files/krefa/vendor/codeigniter4/framework/system/Common.php(1250): CodeIgniter\View\View->render('index', Array, true)
#2 /storage/CA60-3068/Android/data/com.termux/files/krefa/app/Controllers/Events.php(9): view('index')
#3 /storage/CA60-3068/Android/data/com.termux/files/krefa/vendor/codeigniter4/framework/system/CodeIgniter.php(931): App\Controllers\Events->index()
#4 /storage/CA60-3068/Android/data/com.termux/files/krefa/vendor/codeigniter4/framework/system/CodeIgniter.php(439): CodeIgniter\CodeIgniter->runController(Object(App\Controllers\Events))
#5 /storage/CA60-3068/Android/data/com.termux/files/krefa/vendor/codeigniter4/framework/system/CodeIgniter.php(339): CodeIgniter\CodeIgniter->handleRequest(NULL, Object(Config\Cache), false)
#6 /storage/CA60-3068/Android/data/com.termux/files/krefa/public/index.php(36): CodeIgniter\CodeIgniter->run()
#7 /storage/CA60-3068/Android/data/com.termux/files/krefa/vendor/codeigniter4/framework/system/Commands/Server/rewrite.php(45): require_once('/storage/CA60-3...')
#8 {main}
CRITICAL - 2021-06-05 01:10:24 --> Invalid file: index.php
#0 /storage/CA60-3068/Android/data/com.termux/files/krefa/vendor/codeigniter4/framework/system/View/View.php(213): CodeIgniter\Exceptions\FrameworkException::forInvalidFile('index.php')
#1 /storage/CA60-3068/Android/data/com.termux/files/krefa/vendor/codeigniter4/framework/system/Common.php(1250): CodeIgniter\View\View->render('index', Array, true)
#2 /storage/CA60-3068/Android/data/com.termux/files/krefa/app/Controllers/Events.php(9): view('index')
#3 /storage/CA60-3068/Android/data/com.termux/files/krefa/vendor/codeigniter4/framework/system/CodeIgniter.php(931): App\Controllers\Events->index()
#4 /storage/CA60-3068/Android/data/com.termux/files/krefa/vendor/codeigniter4/framework/system/CodeIgniter.php(439): CodeIgniter\CodeIgniter->runController(Object(App\Controllers\Events))
#5 /storage/CA60-3068/Android/data/com.termux/files/krefa/vendor/codeigniter4/framework/system/CodeIgniter.php(339): CodeIgniter\CodeIgniter->handleRequest(NULL, Object(Config\Cache), false)
#6 /storage/CA60-3068/Android/data/com.termux/files/krefa/public/index.php(36): CodeIgniter\CodeIgniter->run()
#7 /storage/CA60-3068/Android/data/com.termux/files/krefa/vendor/codeigniter4/framework/system/Commands/Server/rewrite.php(45): require_once('/storage/CA60-3...')
#8 {main}
CRITICAL - 2021-06-05 01:10:26 --> Invalid file: index.php
#0 /storage/CA60-3068/Android/data/com.termux/files/krefa/vendor/codeigniter4/framework/system/View/View.php(213): CodeIgniter\Exceptions\FrameworkException::forInvalidFile('index.php')
#1 /storage/CA60-3068/Android/data/com.termux/files/krefa/vendor/codeigniter4/framework/system/Common.php(1250): CodeIgniter\View\View->render('index', Array, true)
#2 /storage/CA60-3068/Android/data/com.termux/files/krefa/app/Controllers/Events.php(9): view('index')
#3 /storage/CA60-3068/Android/data/com.termux/files/krefa/vendor/codeigniter4/framework/system/CodeIgniter.php(931): App\Controllers\Events->index()
#4 /storage/CA60-3068/Android/data/com.termux/files/krefa/vendor/codeigniter4/framework/system/CodeIgniter.php(439): CodeIgniter\CodeIgniter->runController(Object(App\Controllers\Events))
#5 /storage/CA60-3068/Android/data/com.termux/files/krefa/vendor/codeigniter4/framework/system/CodeIgniter.php(339): CodeIgniter\CodeIgniter->handleRequest(NULL, Object(Config\Cache), false)
#6 /storage/CA60-3068/Android/data/com.termux/files/krefa/public/index.php(36): CodeIgniter\CodeIgniter->run()
#7 /storage/CA60-3068/Android/data/com.termux/files/krefa/vendor/codeigniter4/framework/system/Commands/Server/rewrite.php(45): require_once('/storage/CA60-3...')
#8 {main}
